<?xml version="1.0" encoding="UTF-8"?>
<testng-results ignored="0" total="1" passed="1" failed="0" skipped="0">
  <reporter-output>
  </reporter-output>
  <suite started-at="2024-08-22T15:49:39 IST" name="Default suite" finished-at="2024-08-22T15:49:40 IST" duration-ms="398">
    <groups>
    </groups>
    <test started-at="2024-08-22T15:49:39 IST" name="Default test" finished-at="2024-08-22T15:49:40 IST" duration-ms="398">
      <class name="Scripts.Extent1">
        <test-method signature="test1()[pri:0, instance:Scripts.Extent1@bef2d72]" started-at="2024-08-22T15:49:39 IST" name="test1" finished-at="2024-08-22T15:49:40 IST" duration-ms="356" status="PASS">
          <reporter-output>
          </reporter-output>
        </test-method> <!-- test1 -->
      </class> <!-- Scripts.Extent1 -->
    </test> <!-- Default test -->
  </suite> <!-- Default suite -->
</testng-results>
